<?xml version="1.0" encoding="UTF-8"?>
<!-- Generated by org.testng.reporters.JUnitReportReporter -->
<testsuite hostname="DELL-PC" failures="0" tests="4" name="api.test.UserTests" time="24.360" errors="0" timestamp="2023-08-24T10:28:42 CEST" skipped="0">
  <testcase classname="api.test.UserTests" name="testPostUser" time="22.019"/>
  <system-out/>
  <testcase classname="api.test.UserTests" name="testGetUserByName" time="0.615"/>
  <system-out/>
  <testcase classname="api.test.UserTests" name="testUpdateUserByName" time="1.170"/>
  <system-out/>
  <testcase classname="api.test.UserTests" name="testDeleteUserByName" time="0.556"/>
  <system-out/>
</testsuite> <!-- api.test.UserTests -->
